Job 1192358: Running on node(s) kent
Job 1192358: Started at 2024-09-10 19:19:04+0200
Monitor this job here: http://monitoring.pegasus.kl.dfki.de/d/slurm-job-details/job-details?var-jobid=1192358&from=1725988744000
srun: jobinfo: version v1.0.0
Job 1192358: Running on node(s) kent
Job 1192358: Started at 2024-09-10 19:19:04+0200
Monitor this job here: http://monitoring.pegasus.kl.dfki.de/d/slurm-job-details/job-details?var-jobid=1192358&from=1725988744000
Job 1192358: creating container for /netscratch/jsingh/pyskl7.sqsh
Job 1192358: creating container for /netscratch/jsingh/pyskl7.sqsh took 46.5 seconds
Updated PYTHONPATH: :/home/jsingh/projects/thesis/code/pyskl_thesis/pyskl
2024-09-10 19:19:55,100 - pyskl - INFO - Environment info:
------------------------------------------------------------
sys.platform: linux
Python: 3.7.11 (default, Jul 27 2021, 14:32:16) [GCC 7.5.0]
CUDA available: True
GPU 0: Quadro RTX 6000
CUDA_HOME: /usr/local/cuda
NVCC: Cuda compilation tools, release 11.1, V11.1.105
GCC: gcc (Ubuntu 9.3.0-17ubuntu1~20.04) 9.3.0
PyTorch: 1.11.0
PyTorch compiling details: PyTorch built with:
  - GCC 7.3
  - C++ Version: 201402
  - Intel(R) oneAPI Math Kernel Library Version 2021.4-Product Build 20210904 for Intel(R) 64 architecture applications
  - Intel(R) MKL-DNN v2.5.2 (Git Hash a9302535553c73243c632ad3c4c80beec3d19a1e)
  - OpenMP 201511 (a.k.a. OpenMP 4.5)
  - LAPACK is enabled (usually provided by MKL)
  - NNPACK is enabled
  - CPU capability usage: AVX2
  - CUDA Runtime 11.3
  - NVCC architecture flags: -gencode;arch=compute_37,code=sm_37;-gencode;arch=compute_50,code=sm_50;-gencode;arch=compute_60,code=sm_60;-gencode;arch=compute_61,code=sm_61;-gencode;arch=compute_70,code=sm_70;-gencode;arch=compute_75,code=sm_75;-gencode;arch=compute_80,code=sm_80;-gencode;arch=compute_86,code=sm_86;-gencode;arch=compute_37,code=compute_37
  - CuDNN 8.2
  - Magma 2.5.2
  - Build settings: BLAS_INFO=mkl, BUILD_TYPE=Release, CUDA_VERSION=11.3, CUDNN_VERSION=8.2.0, CXX_COMPILER=/opt/rh/devtoolset-7/root/usr/bin/c++, CXX_FLAGS= -Wno-deprecated -fvisibility-inlines-hidden -DUSE_PTHREADPOOL -fopenmp -DNDEBUG -DUSE_KINETO -DUSE_FBGEMM -DUSE_QNNPACK -DUSE_PYTORCH_QNNPACK -DUSE_XNNPACK -DSYMBOLICATE_MOBILE_DEBUG_HANDLE -DEDGE_PROFILER_USE_KINETO -O2 -fPIC -Wno-narrowing -Wall -Wextra -Werror=return-type -Wno-missing-field-initializers -Wno-type-limits -Wno-array-bounds -Wno-unknown-pragmas -Wno-sign-compare -Wno-unused-parameter -Wno-unused-function -Wno-unused-result -Wno-unused-local-typedefs -Wno-strict-overflow -Wno-strict-aliasing -Wno-error=deprecated-declarations -Wno-stringop-overflow -Wno-psabi -Wno-error=pedantic -Wno-error=redundant-decls -Wno-error=old-style-cast -fdiagnostics-color=always -faligned-new -Wno-unused-but-set-variable -Wno-maybe-uninitialized -fno-math-errno -fno-trapping-math -Werror=format -Wno-stringop-overflow, LAPACK_INFO=mkl, PERF_WITH_AVX=1, PERF_WITH_AVX2=1, PERF_WITH_AVX512=1, TORCH_VERSION=1.11.0, USE_CUDA=ON, USE_CUDNN=ON, USE_EXCEPTION_PTR=1, USE_GFLAGS=OFF, USE_GLOG=OFF, USE_MKL=ON, USE_MKLDNN=OFF, USE_MPI=OFF, USE_NCCL=ON, USE_NNPACK=ON, USE_OPENMP=ON, USE_ROCM=OFF, 

TorchVision: 0.12.0
OpenCV: 4.10.0
MMCV: 1.5.0
MMCV Compiler: GCC 7.3
MMCV CUDA Compiler: 11.3
pyskl: 0.1.0+998818e
------------------------------------------------------------

2024-09-10 19:19:55,957 - pyskl - INFO - Config: model = dict(
    type='RecognizerGCN',
    backbone=dict(
        type='MSG3D', graph_cfg=dict(layout='coco', mode='binary_adj')),
    cls_head=dict(type='GCNHead', num_classes=6, in_channels=384))
dataset_type = 'PoseDataset'
ann_file = '/home/jsingh/projects/thesis/code/pyskl_thesis/extracted_pose_3d_updated.pkl'
train_pipeline = [
    dict(type='PreNormalize3D'),
    dict(type='GenSkeFeat', dataset='coco', feats=['j']),
    dict(type='UniformSample', clip_len=100),
    dict(type='PoseDecode'),
    dict(type='FormatGCNInput', num_person=2),
    dict(type='Collect', keys=['keypoint', 'label'], meta_keys=[]),
    dict(type='ToTensor', keys=['keypoint'])
]
val_pipeline = [
    dict(type='PreNormalize3D'),
    dict(type='GenSkeFeat', dataset='coco', feats=['j']),
    dict(type='UniformSample', clip_len=100, num_clips=1),
    dict(type='PoseDecode'),
    dict(type='FormatGCNInput', num_person=2),
    dict(type='Collect', keys=['keypoint', 'label'], meta_keys=[]),
    dict(type='ToTensor', keys=['keypoint'])
]
test_pipeline = [
    dict(type='PreNormalize3D'),
    dict(type='GenSkeFeat', dataset='coco', feats=['j']),
    dict(type='UniformSample', clip_len=100, num_clips=10),
    dict(type='PoseDecode'),
    dict(type='FormatGCNInput', num_person=2),
    dict(type='Collect', keys=['keypoint', 'label'], meta_keys=[]),
    dict(type='ToTensor', keys=['keypoint'])
]
data = dict(
    videos_per_gpu=16,
    workers_per_gpu=2,
    test_dataloader=dict(videos_per_gpu=1),
    train=dict(
        type='RepeatDataset',
        times=5,
        dataset=dict(
            type='PoseDataset',
            ann_file=
            '/home/jsingh/projects/thesis/code/pyskl_thesis/extracted_pose_3d_updated.pkl',
            pipeline=[
                dict(type='PreNormalize3D'),
                dict(type='GenSkeFeat', dataset='coco', feats=['j']),
                dict(type='UniformSample', clip_len=100),
                dict(type='PoseDecode'),
                dict(type='FormatGCNInput', num_person=2),
                dict(type='Collect', keys=['keypoint', 'label'], meta_keys=[]),
                dict(type='ToTensor', keys=['keypoint'])
            ],
            split='xsub_train')),
    val=dict(
        type='PoseDataset',
        ann_file=
        '/home/jsingh/projects/thesis/code/pyskl_thesis/extracted_pose_3d_updated.pkl',
        pipeline=[
            dict(type='PreNormalize3D'),
            dict(type='GenSkeFeat', dataset='coco', feats=['j']),
            dict(type='UniformSample', clip_len=100, num_clips=1),
            dict(type='PoseDecode'),
            dict(type='FormatGCNInput', num_person=2),
            dict(type='Collect', keys=['keypoint', 'label'], meta_keys=[]),
            dict(type='ToTensor', keys=['keypoint'])
        ],
        split='xsub_val'),
    test=dict(
        type='PoseDataset',
        ann_file=
        '/home/jsingh/projects/thesis/code/pyskl_thesis/extracted_pose_3d_updated.pkl',
        pipeline=[
            dict(type='PreNormalize3D'),
            dict(type='GenSkeFeat', dataset='coco', feats=['j']),
            dict(type='UniformSample', clip_len=100, num_clips=10),
            dict(type='PoseDecode'),
            dict(type='FormatGCNInput', num_person=2),
            dict(type='Collect', keys=['keypoint', 'label'], meta_keys=[]),
            dict(type='ToTensor', keys=['keypoint'])
        ],
        split='xsub_val'))
optimizer = dict(
    type='SGD', lr=0.1, momentum=0.9, weight_decay=0.0005, nesterov=True)
optimizer_config = dict(grad_clip=None)
lr_config = dict(policy='CosineAnnealing', min_lr=0, by_epoch=False)
total_epochs = 24
checkpoint_config = dict(interval=1)
evaluation = dict(interval=1, metrics=['top_k_accuracy'])
log_config = dict(interval=100, hooks=[dict(type='TextLoggerHook')])
log_level = 'INFO'
work_dir = './work_dirs/msg3d/msg3d_pyskl_ntu60_xsub_3dkp/j_uav'
dist_params = dict(backend='nccl')
gpu_ids = range(0, 1)

2024-09-10 19:19:55,958 - pyskl - INFO - Set random seed to 1837110757, deterministic: False
Traceback (most recent call last):
  File "/root/miniconda3/envs/pys/lib/python3.7/site-packages/mmcv/utils/registry.py", line 52, in build_from_cfg
    return obj_cls(**args)
  File "/home/jsingh/projects/thesis/code/pyskl_thesis/pyskl/datasets/pose_dataset.py", line 58, in __init__
    ann_file, pipeline, start_index=0, modality=modality, memcached=memcached, mc_cfg=mc_cfg, **kwargs)
  File "/home/jsingh/projects/thesis/code/pyskl_thesis/pyskl/datasets/base.py", line 72, in __init__
    self.video_infos = self.load_annotations()
  File "/home/jsingh/projects/thesis/code/pyskl_thesis/pyskl/datasets/pose_dataset.py", line 89, in load_annotations
    return self.load_pkl_annotations()
  File "/home/jsingh/projects/thesis/code/pyskl_thesis/pyskl/datasets/pose_dataset.py", line 97, in load_pkl_annotations
    split = set(split[self.split])
KeyError: 'xsub_train'

During handling of the above exception, another exception occurred:

Traceback (most recent call last):
  File "/root/miniconda3/envs/pys/lib/python3.7/site-packages/mmcv/utils/registry.py", line 52, in build_from_cfg
    return obj_cls(**args)
  File "/home/jsingh/projects/thesis/code/pyskl_thesis/pyskl/datasets/dataset_wrappers.py", line 25, in __init__
    self.dataset = build_dataset(dataset)
  File "/home/jsingh/projects/thesis/code/pyskl_thesis/pyskl/datasets/builder.py", line 37, in build_dataset
    dataset = build_from_cfg(cfg, DATASETS, default_args)
  File "/root/miniconda3/envs/pys/lib/python3.7/site-packages/mmcv/utils/registry.py", line 55, in build_from_cfg
    raise type(e)(f'{obj_cls.__name__}: {e}')
KeyError: "PoseDataset: 'xsub_train'"

During handling of the above exception, another exception occurred:

Traceback (most recent call last):
  File "/home/jsingh/projects/thesis/code/pyskl_thesis/tools/train.py", line 167, in <module>
    main()
  File "/home/jsingh/projects/thesis/code/pyskl_thesis/tools/train.py", line 128, in main
    datasets = [build_dataset(cfg.data.train)]
  File "/home/jsingh/projects/thesis/code/pyskl_thesis/pyskl/datasets/builder.py", line 37, in build_dataset
    dataset = build_from_cfg(cfg, DATASETS, default_args)
  File "/root/miniconda3/envs/pys/lib/python3.7/site-packages/mmcv/utils/registry.py", line 55, in build_from_cfg
    raise type(e)(f'{obj_cls.__name__}: {e}')
KeyError: 'RepeatDataset: "PoseDataset: \'xsub_train\'"'
srun: error: kent: task 0: Exited with exit code 1
srun: Terminating StepId=1192358.0
